<?xml version="1.0" encoding="UTF-8"?>
<!-- Generated by org.testng.reporters.JUnitReportReporter -->
<testsuite skipped="0" hostname="tyss-4f" name="com.move.androidapp.scripts.TC_001_LoginAsGuestUser" tests="1" failures="0" timestamp="27 Aug 2019 10:39:58 GMT" time="96.260" errors="0">
  <testcase name="tc_001_pushConfigToDevice" time="96.260" classname="com.move.androidapp.scripts.TC_001_LoginAsGuestUser"/>
</testsuite> <!-- com.move.androidapp.scripts.TC_001_LoginAsGuestUser -->
