<?xml version="1.0" encoding="UTF-8"?>
<!-- Generated by org.testng.reporters.JUnitReportReporter -->
<testsuite skipped="0" hostname="tyss-4f" name="com.move.androidapp.scripts.MV_001_LoginAsGuestUser" tests="1" failures="0" timestamp="28 Aug 2019 11:59:20 GMT" time="83.457" errors="0">
  <testcase name="tc_001_testGuestSearchAddress" time="83.457" classname="com.move.androidapp.scripts.MV_001_LoginAsGuestUser"/>
</testsuite> <!-- com.move.androidapp.scripts.MV_001_LoginAsGuestUser -->
