<?xml version="1.0" encoding="UTF-8"?>
<!-- Generated by org.testng.reporters.JUnitReportReporter -->
<testsuite skipped="0" hostname="tyss-4f" name="com.move.androidapp.scripts.MV_002_NavigateToPlace" tests="1" failures="0" timestamp="29 Aug 2019 11:40:49 GMT" time="8.323" errors="0">
  <testcase name="tc_002_testGuestSearchNavigation" time="8.323" classname="com.move.androidapp.scripts.MV_002_NavigateToPlace"/>
</testsuite> <!-- com.move.androidapp.scripts.MV_002_NavigateToPlace -->
