<?xml version="1.0" encoding="UTF-8"?>
<!-- Generated by org.testng.reporters.JUnitReportReporter -->
<testsuite skipped="0" hostname="tyss-4f" name="com.move.androidapp.scripts.MV_001_GuestUserSearchAddress" tests="1" failures="0" timestamp="29 Aug 2019 11:40:49 GMT" time="44.457" errors="0">
  <testcase name="tc_001_testGuestSearchAddress" time="44.457" classname="com.move.androidapp.scripts.MV_001_GuestUserSearchAddress"/>
</testsuite> <!-- com.move.androidapp.scripts.MV_001_GuestUserSearchAddress -->
