<?xml version="1.0" encoding="UTF-8"?>
<!-- Generated by org.testng.reporters.JUnitReportReporter -->
<testsuite skipped="0" hostname="tyss-4f" name="com.move.androidapp.scripts.TC_001_PushConfigToDevice" tests="1" failures="0" timestamp="19 Aug 2019 10:42:20 GMT" time="17.785" errors="0">
  <testcase name="tc_001_pushConfigToDevice" time="17.785" classname="com.move.androidapp.scripts.TC_001_PushConfigToDevice"/>
</testsuite> <!-- com.move.androidapp.scripts.TC_001_PushConfigToDevice -->
